# JRE version: OpenJDK Runtime Environment (11.0.10) (build 11.0.10+0-b96-7249189)
# Java VM: OpenJDK 64-Bit Server VM (11.0.10+0-b96-7249189, mixed mode, tiered, compressed oops, g1 gc, windows-amd64)
Heap:
 garbage-first heap   total 227328K, used 130587K [0x0000000080000000, 0x0000000100000000)
  region size 1024K, 12 young (12288K), 2 survivors (2048K)
 Metaspace       used 118229K, capacity 122134K, committed 122368K, reserved 1155072K
  class space    used 15273K, capacity 16751K, committed 16896K, reserved 1048576K
GC Heap History (20 events):
Event: 66.175 GC heap before
{Heap before GC invocations=42 (full 0):
 garbage-first heap   total 227328K, used 159000K [0x0000000080000000, 0x0000000100000000)
  region size 1024K, 55 young (56320K), 8 survivors (8192K)
 Metaspace       used 101337K, capacity 103855K, committed 104064K, reserved 1140736K
  class space    used 12747K, capacity 13687K, committed 13696K, reserved 1048576K
}
Event: 66.187 GC heap after
{Heap after GC invocations=43 (full 0):
 garbage-first heap   total 227328K, used 113522K [0x0000000080000000, 0x0000000100000000)
  region size 1024K, 4 young (4096K), 4 survivors (4096K)
 Metaspace       used 101337K, capacity 103855K, committed 104064K, reserved 1140736K
  class space    used 12747K, capacity 13687K, committed 13696K, reserved 1048576K
}
Event: 66.762 GC heap before
{Heap before GC invocations=44 (full 0):
 garbage-first heap   total 227328K, used 170866K [0x0000000080000000, 0x0000000100000000)
  region size 1024K, 57 young (58368K), 4 survivors (4096K)
 Metaspace       used 106262K, capacity 109159K, committed 109312K, reserved 1144832K
  class space    used 13511K, capacity 14565K, committed 14592K, reserved 1048576K
}
Event: 66.778 GC heap after
{Heap after GC invocations=45 (full 0):
 garbage-first heap   total 227328K, used 123845K [0x0000000080000000, 0x0000000100000000)
  region size 1024K, 8 young (8192K), 8 survivors (8192K)
 Metaspace       used 106262K, capacity 109159K, committed 109312K, reserved 1144832K
  class space    used 13511K, capacity 14565K, committed 14592K, reserved 1048576K
}
Event: 66.799 GC heap before
{Heap before GC invocations=45 (full 0):
 garbage-first heap   total 227328K, used 125893K [0x0000000080000000, 0x0000000100000000)
  region size 1024K, 11 young (11264K), 8 survivors (8192K)
 Metaspace       used 106516K, capacity 109383K, committed 109696K, reserved 1144832K
  class space    used 13540K, capacity 14597K, committed 14720K, reserved 1048576K
}
Event: 66.816 GC heap after
{Heap after GC invocations=46 (full 0):
 garbage-first heap   total 227328K, used 122276K [0x0000000080000000, 0x0000000100000000)
  region size 1024K, 2 young (2048K), 2 survivors (2048K)
 Metaspace       used 106516K, capacity 109383K, committed 109696K, reserved 1144832K
  class space    used 13540K, capacity 14597K, committed 14720K, reserved 1048576K
}
Event: 67.248 GC heap before
{Heap before GC invocations=46 (full 0):
 garbage-first heap   total 227328K, used 172452K [0x0000000080000000, 0x0000000100000000)
  region size 1024K, 51 young (52224K), 2 survivors (2048K)
 Metaspace       used 112155K, capacity 115762K, committed 115840K, reserved 1148928K
  class space    used 14607K, capacity 15994K, committed 16000K, reserved 1048576K
}
Event: 67.257 GC heap after
{Heap after GC invocations=47 (full 0):
 garbage-first heap   total 227328K, used 124950K [0x0000000080000000, 0x0000000100000000)
  region size 1024K, 5 young (5120K), 5 survivors (5120K)
 Metaspace       used 112155K, capacity 115762K, committed 115840K, reserved 1148928K
  class space    used 14607K, capacity 15994K, committed 16000K, reserved 1048576K
}
Event: 67.560 GC heap before
{Heap before GC invocations=47 (full 0):
 garbage-first heap   total 227328K, used 173078K [0x0000000080000000, 0x0000000100000000)
  region size 1024K, 54 young (55296K), 5 survivors (5120K)
 Metaspace       used 114003K, capacity 117848K, committed 118016K, reserved 1150976K
  class space    used 14831K, capacity 16336K, committed 16384K, reserved 1048576K
}
Event: 67.565 GC heap after
{Heap after GC invocations=48 (full 0):
 garbage-first heap   total 227328K, used 126165K [0x0000000080000000, 0x0000000100000000)
  region size 1024K, 5 young (5120K), 5 survivors (5120K)
 Metaspace       used 114003K, capacity 117848K, committed 118016K, reserved 1150976K
  class space    used 14831K, capacity 16336K, committed 16384K, reserved 1048576K
}
Event: 68.303 GC heap before
{Heap before GC invocations=49 (full 0):
 garbage-first heap   total 227328K, used 180437K [0x0000000080000000, 0x0000000100000000)
  region size 1024K, 57 young (58368K), 5 survivors (5120K)
 Metaspace       used 116139K, capacity 119887K, committed 120448K, reserved 1153024K
  class space    used 15078K, capacity 16533K, committed 16768K, reserved 1048576K
}
Event: 68.309 GC heap after
{Heap after GC invocations=50 (full 0):
 garbage-first heap   total 227328K, used 123717K [0x0000000080000000, 0x0000000100000000)
  region size 1024K, 4 young (4096K), 4 survivors (4096K)
 Metaspace       used 116139K, capacity 119887K, committed 120448K, reserved 1153024K
  class space    used 15078K, capacity 16533K, committed 16768K, reserved 1048576K
}
Event: 68.402 GC heap before
{Heap before GC invocations=50 (full 0):
 garbage-first heap   total 227328K, used 130885K [0x0000000080000000, 0x0000000100000000)
  region size 1024K, 11 young (11264K), 4 survivors (4096K)
 Metaspace       used 116194K, capacity 119893K, committed 120448K, reserved 1153024K
  class space    used 15084K, capacity 16535K, committed 16768K, reserved 1048576K
}
Event: 68.415 GC heap after
{Heap after GC invocations=51 (full 0):
 garbage-first heap   total 227328K, used 112595K [0x0000000080000000, 0x0000000100000000)
  region size 1024K, 2 young (2048K), 2 survivors (2048K)
 Metaspace       used 116194K, capacity 119893K, committed 120448K, reserved 1153024K
  class space    used 15084K, capacity 16535K, committed 16768K, reserved 1048576K
}
Event: 207.134 GC heap before
{Heap before GC invocations=51 (full 0):
 garbage-first heap   total 227328K, used 216019K [0x0000000080000000, 0x0000000100000000)
  region size 1024K, 65 young (66560K), 2 survivors (2048K)
 Metaspace       used 117648K, capacity 121453K, committed 121856K, reserved 1155072K
  class space    used 15236K, capacity 16693K, committed 16896K, reserved 1048576K
}
Event: 207.211 GC heap after
{Heap after GC invocations=52 (full 0):
 garbage-first heap   total 227328K, used 117678K [0x0000000080000000, 0x0000000100000000)
  region size 1024K, 7 young (7168K), 7 survivors (7168K)
 Metaspace       used 117648K, capacity 121453K, committed 121856K, reserved 1155072K
  class space    used 15236K, capacity 16693K, committed 16896K, reserved 1048576K
}
Event: 410.289 GC heap before
{Heap before GC invocations=52 (full 0):
 garbage-first heap   total 227328K, used 179118K [0x0000000080000000, 0x0000000100000000)
  region size 1024K, 68 young (69632K), 7 survivors (7168K)
 Metaspace       used 118104K, capacity 121990K, committed 122368K, reserved 1155072K
  class space    used 15266K, capacity 16746K, committed 16896K, reserved 1048576K
}
Event: 410.342 GC heap after
{Heap after GC invocations=53 (full 0):
 garbage-first heap   total 227328K, used 118730K [0x0000000080000000, 0x0000000100000000)
  region size 1024K, 6 young (6144K), 6 survivors (6144K)
 Metaspace       used 118104K, capacity 121990K, committed 122368K, reserved 1155072K
  class space    used 15266K, capacity 16746K, committed 16896K, reserved 1048576K
}
Event: 410.950 GC heap before
{Heap before GC invocations=53 (full 0):
 garbage-first heap   total 227328K, used 125898K [0x0000000080000000, 0x0000000100000000)
  region size 1024K, 14 young (14336K), 6 survivors (6144K)
 Metaspace       used 118229K, capacity 122134K, committed 122368K, reserved 1155072K
  class space    used 15273K, capacity 16751K, committed 16896K, reserved 1048576K
}
Event: 411.011 GC heap after
{Heap after GC invocations=54 (full 0):
 garbage-first heap   total 227328K, used 120347K [0x0000000080000000, 0x0000000100000000)
  region size 1024K, 2 young (2048K), 2 survivors (2048K)
 Metaspace       used 118229K, capacity 122134K, committed 122368K, reserved 1155072K
  class space    used 15273K, capacity 16751K, committed 16896K, reserved 1048576K
}

